{"C:\\Users\\steni\\OneDrive\\Документы\\GitHub\\web-programming-course\\lessons\\lr7\\playwright.config.ts": {"path":"C:\\Users\\steni\\OneDrive\\Документы\\GitHub\\web-programming-course\\lessons\\lr7\\playwright.config.ts","all":true,"statementMap":{"0":{"start":{"line":1,"column":0},"end":{"line":1,"column":48}},"1":{"start":{"line":2,"column":0},"end":{"line":2,"column":0}},"2":{"start":{"line":3,"column":0},"end":{"line":3,"column":29}},"3":{"start":{"line":4,"column":0},"end":{"line":4,"column":19}},"4":{"start":{"line":5,"column":0},"end":{"line":5,"column":22}},"5":{"start":{"line":6,"column":0},"end":{"line":6,"column":31}},"6":{"start":{"line":7,"column":0},"end":{"line":7,"column":34}},"7":{"start":{"line":8,"column":0},"end":{"line":8,"column":42}},"8":{"start":{"line":9,"column":0},"end":{"line":9,"column":19}},"9":{"start":{"line":10,"column":0},"end":{"line":10,"column":8}},"10":{"start":{"line":11,"column":0},"end":{"line":11,"column":37}},"11":{"start":{"line":12,"column":0},"end":{"line":12,"column":28}},"12":{"start":{"line":13,"column":0},"end":{"line":13,"column":34}},"13":{"start":{"line":14,"column":0},"end":{"line":14,"column":4}},"14":{"start":{"line":15,"column":0},"end":{"line":15,"column":14}},"15":{"start":{"line":16,"column":0},"end":{"line":16,"column":27}},"16":{"start":{"line":17,"column":0},"end":{"line":17,"column":33}},"17":{"start":{"line":18,"column":0},"end":{"line":18,"column":41}},"18":{"start":{"line":19,"column":0},"end":{"line":19,"column":4}},"19":{"start":{"line":20,"column":0},"end":{"line":20,"column":13}},"20":{"start":{"line":21,"column":0},"end":{"line":21,"column":5}},"21":{"start":{"line":22,"column":0},"end":{"line":22,"column":23}},"22":{"start":{"line":23,"column":0},"end":{"line":23,"column":39}},"23":{"start":{"line":24,"column":0},"end":{"line":24,"column":6}},"24":{"start":{"line":25,"column":0},"end":{"line":25,"column":4}},"25":{"start":{"line":26,"column":0},"end":{"line":26,"column":3}}},"s":{"0":0,"1":0,"2":0,"3":0,"4":0,"5":0,"6":0,"7":0,"8":0,"9":0,"10":0,"11":0,"12":0,"13":0,"14":0,"15":0,"16":0,"17":0,"18":0,"19":0,"20":0,"21":0,"22":0,"23":0,"24":0,"25":0},"branchMap":{"0":{"type":"branch","line":1,"loc":{"start":{"line":1,"column":0},"end":{"line":26,"column":3}},"locations":[{"start":{"line":1,"column":0},"end":{"line":26,"column":3}}]}},"b":{"0":[0]},"fnMap":{"0":{"name":"(empty-report)","decl":{"start":{"line":1,"column":0},"end":{"line":26,"column":3}},"loc":{"start":{"line":1,"column":0},"end":{"line":26,"column":3}},"line":1}},"f":{"0":0}}
,"C:\\Users\\steni\\OneDrive\\Документы\\GitHub\\web-programming-course\\lessons\\lr7\\vitest.config.mjs": {"path":"C:\\Users\\steni\\OneDrive\\Документы\\GitHub\\web-programming-course\\lessons\\lr7\\vitest.config.mjs","all":true,"statementMap":{"0":{"start":{"line":1,"column":0},"end":{"line":1,"column":45}},"1":{"start":{"line":2,"column":0},"end":{"line":2,"column":41}},"2":{"start":{"line":3,"column":0},"end":{"line":3,"column":0}},"3":{"start":{"line":4,"column":0},"end":{"line":4,"column":29}},"4":{"start":{"line":5,"column":0},"end":{"line":5,"column":21}},"5":{"start":{"line":6,"column":0},"end":{"line":6,"column":9}},"6":{"start":{"line":7,"column":0},"end":{"line":7,"column":18}},"7":{"start":{"line":8,"column":0},"end":{"line":8,"column":25}},"8":{"start":{"line":9,"column":0},"end":{"line":9,"column":38}},"9":{"start":{"line":10,"column":0},"end":{"line":10,"column":47}},"10":{"start":{"line":11,"column":0},"end":{"line":11,"column":15}},"11":{"start":{"line":12,"column":0},"end":{"line":12,"column":21}},"12":{"start":{"line":13,"column":0},"end":{"line":13,"column":41}},"13":{"start":{"line":14,"column":0},"end":{"line":14,"column":16}},"14":{"start":{"line":15,"column":0},"end":{"line":15,"column":24}},"15":{"start":{"line":16,"column":0},"end":{"line":16,"column":20}},"16":{"start":{"line":17,"column":0},"end":{"line":17,"column":29}},"17":{"start":{"line":18,"column":0},"end":{"line":18,"column":29}},"18":{"start":{"line":19,"column":0},"end":{"line":19,"column":21}},"19":{"start":{"line":20,"column":0},"end":{"line":20,"column":23}},"20":{"start":{"line":21,"column":0},"end":{"line":21,"column":8}},"21":{"start":{"line":22,"column":0},"end":{"line":22,"column":6}},"22":{"start":{"line":23,"column":0},"end":{"line":23,"column":4}},"23":{"start":{"line":24,"column":0},"end":{"line":24,"column":3}}},"s":{"0":0,"1":0,"2":0,"3":0,"4":0,"5":0,"6":0,"7":0,"8":0,"9":0,"10":0,"11":0,"12":0,"13":0,"14":0,"15":0,"16":0,"17":0,"18":0,"19":0,"20":0,"21":0,"22":0,"23":0},"branchMap":{"0":{"type":"branch","line":1,"loc":{"start":{"line":1,"column":0},"end":{"line":24,"column":3}},"locations":[{"start":{"line":1,"column":0},"end":{"line":24,"column":3}}]}},"b":{"0":[0]},"fnMap":{"0":{"name":"(empty-report)","decl":{"start":{"line":1,"column":0},"end":{"line":24,"column":3}},"loc":{"start":{"line":1,"column":0},"end":{"line":24,"column":3}},"line":1}},"f":{"0":0}}
,"C:\\Users\\steni\\OneDrive\\Документы\\GitHub\\web-programming-course\\lessons\\lr7\\src\\components\\quiz\\EssayQuestion.tsx": {"path":"C:\\Users\\steni\\OneDrive\\Документы\\GitHub\\web-programming-course\\lessons\\lr7\\src\\components\\quiz\\EssayQuestion.tsx","all":false,"statementMap":{"0":{"start":{"line":1,"column":0},"end":{"line":1,"column":49}},"8":{"start":{"line":9,"column":0},"end":{"line":9,"column":78}},"9":{"start":{"line":10,"column":0},"end":{"line":10,"column":38}},"10":{"start":{"line":11,"column":0},"end":{"line":11,"column":44}},"11":{"start":{"line":12,"column":0},"end":{"line":12,"column":47}},"12":{"start":{"line":13,"column":0},"end":{"line":13,"column":41}},"14":{"start":{"line":15,"column":0},"end":{"line":15,"column":10}},"15":{"start":{"line":16,"column":0},"end":{"line":16,"column":31}},"16":{"start":{"line":17,"column":0},"end":{"line":17,"column":15}},"17":{"start":{"line":18,"column":0},"end":{"line":18,"column":26}},"18":{"start":{"line":19,"column":0},"end":{"line":19,"column":54}},"19":{"start":{"line":20,"column":0},"end":{"line":20,"column":50}},"20":{"start":{"line":21,"column":0},"end":{"line":21,"column":29}},"21":{"start":{"line":22,"column":0},"end":{"line":22,"column":29}},"22":{"start":{"line":23,"column":0},"end":{"line":23,"column":17}},"23":{"start":{"line":24,"column":0},"end":{"line":24,"column":104}},"24":{"start":{"line":25,"column":0},"end":{"line":25,"column":8}},"25":{"start":{"line":26,"column":0},"end":{"line":26,"column":79}},"26":{"start":{"line":27,"column":0},"end":{"line":27,"column":29}},"27":{"start":{"line":28,"column":0},"end":{"line":28,"column":53}},"28":{"start":{"line":29,"column":0},"end":{"line":29,"column":37}},"29":{"start":{"line":30,"column":0},"end":{"line":30,"column":12}},"30":{"start":{"line":31,"column":0},"end":{"line":31,"column":10}},"32":{"start":{"line":33,"column":0},"end":{"line":33,"column":1}}},"s":{"0":1,"8":1,"9":6,"10":6,"11":6,"12":6,"14":6,"15":6,"16":6,"17":6,"18":6,"19":6,"20":6,"21":6,"22":6,"23":6,"24":6,"25":6,"26":6,"27":6,"28":6,"29":6,"30":6,"32":6},"branchMap":{"0":{"type":"branch","line":9,"loc":{"start":{"line":9,"column":7},"end":{"line":33,"column":1}},"locations":[{"start":{"line":9,"column":7},"end":{"line":33,"column":1}}]},"1":{"type":"branch","line":11,"loc":{"start":{"line":11,"column":29},"end":{"line":11,"column":44}},"locations":[{"start":{"line":11,"column":29},"end":{"line":11,"column":44}}]},"2":{"type":"branch","line":12,"loc":{"start":{"line":12,"column":29},"end":{"line":12,"column":47}},"locations":[{"start":{"line":12,"column":29},"end":{"line":12,"column":47}}]},"3":{"type":"branch","line":26,"loc":{"start":{"line":26,"column":33},"end":{"line":26,"column":61}},"locations":[{"start":{"line":26,"column":33},"end":{"line":26,"column":61}}]},"4":{"type":"branch","line":19,"loc":{"start":{"line":19,"column":18},"end":{"line":19,"column":54}},"locations":[{"start":{"line":19,"column":18},"end":{"line":19,"column":54}}]}},"b":{"0":[6],"1":[0],"2":[0],"3":[0],"4":[8]},"fnMap":{"0":{"name":"EssayQuestion","decl":{"start":{"line":9,"column":7},"end":{"line":33,"column":1}},"loc":{"start":{"line":9,"column":7},"end":{"line":33,"column":1}},"line":9},"1":{"name":"onChange","decl":{"start":{"line":19,"column":18},"end":{"line":19,"column":54}},"loc":{"start":{"line":19,"column":18},"end":{"line":19,"column":54}},"line":19}},"f":{"0":6,"1":8}}
,"C:\\Users\\steni\\OneDrive\\Документы\\GitHub\\web-programming-course\\lessons\\lr7\\src\\components\\quiz\\MultipleSelectQuestion.tsx": {"path":"C:\\Users\\steni\\OneDrive\\Документы\\GitHub\\web-programming-course\\lessons\\lr7\\src\\components\\quiz\\MultipleSelectQuestion.tsx","all":false,"statementMap":{"0":{"start":{"line":1,"column":0},"end":{"line":1,"column":43}},"9":{"start":{"line":10,"column":0},"end":{"line":10,"column":49}},"10":{"start":{"line":11,"column":0},"end":{"line":11,"column":11}},"11":{"start":{"line":12,"column":0},"end":{"line":12,"column":18}},"12":{"start":{"line":13,"column":0},"end":{"line":13,"column":16}},"13":{"start":{"line":14,"column":0},"end":{"line":14,"column":14}},"14":{"start":{"line":15,"column":0},"end":{"line":15,"column":37}},"16":{"start":{"line":17,"column":0},"end":{"line":17,"column":10}},"17":{"start":{"line":18,"column":0},"end":{"line":18,"column":31}},"18":{"start":{"line":19,"column":0},"end":{"line":19,"column":48}},"19":{"start":{"line":20,"column":0},"end":{"line":20,"column":59}},"20":{"start":{"line":21,"column":0},"end":{"line":21,"column":16}},"21":{"start":{"line":22,"column":0},"end":{"line":22,"column":17}},"22":{"start":{"line":23,"column":0},"end":{"line":23,"column":23}},"23":{"start":{"line":24,"column":0},"end":{"line":24,"column":49}},"24":{"start":{"line":25,"column":0},"end":{"line":25,"column":79}},"25":{"start":{"line":26,"column":0},"end":{"line":26,"column":24}},"26":{"start":{"line":27,"column":0},"end":{"line":27,"column":46}},"27":{"start":{"line":28,"column":0},"end":{"line":28,"column":57}},"28":{"start":{"line":29,"column":0},"end":{"line":29,"column":15}},"30":{"start":{"line":31,"column":0},"end":{"line":31,"column":53}},"31":{"start":{"line":32,"column":0},"end":{"line":32,"column":66}},"32":{"start":{"line":33,"column":0},"end":{"line":33,"column":19}},"33":{"start":{"line":34,"column":0},"end":{"line":34,"column":33}},"34":{"start":{"line":35,"column":0},"end":{"line":35,"column":19}},"36":{"start":{"line":37,"column":0},"end":{"line":37,"column":9}},"37":{"start":{"line":38,"column":0},"end":{"line":38,"column":10}},"39":{"start":{"line":40,"column":0},"end":{"line":40,"column":3}}},"s":{"0":1,"9":1,"10":5,"11":5,"12":5,"13":5,"14":5,"16":4,"17":4,"18":4,"19":16,"20":16,"21":16,"22":16,"23":16,"24":16,"25":16,"26":2,"27":14,"28":16,"30":16,"31":16,"32":16,"33":16,"34":16,"36":4,"37":4,"39":4},"branchMap":{"0":{"type":"branch","line":10,"loc":{"start":{"line":10,"column":47},"end":{"line":40,"column":3}},"locations":[{"start":{"line":10,"column":47},"end":{"line":40,"column":3}}]},"1":{"type":"branch","line":15,"loc":{"start":{"line":15,"column":25},"end":{"line":15,"column":37}},"locations":[{"start":{"line":15,"column":25},"end":{"line":15,"column":37}}]},"2":{"type":"branch","line":15,"loc":{"start":{"line":15,"column":32},"end":{"line":40,"column":3}},"locations":[{"start":{"line":15,"column":32},"end":{"line":40,"column":3}}]},"3":{"type":"branch","line":19,"loc":{"start":{"line":19,"column":28},"end":{"line":37,"column":7}},"locations":[{"start":{"line":19,"column":28},"end":{"line":37,"column":7}}]},"4":{"type":"branch","line":26,"loc":{"start":{"line":26,"column":14},"end":{"line":27,"column":46}},"locations":[{"start":{"line":26,"column":14},"end":{"line":27,"column":46}}]},"5":{"type":"branch","line":27,"loc":{"start":{"line":27,"column":18},"end":{"line":28,"column":57}},"locations":[{"start":{"line":27,"column":18},"end":{"line":28,"column":57}}]},"6":{"type":"branch","line":32,"loc":{"start":{"line":32,"column":15},"end":{"line":32,"column":34}},"locations":[{"start":{"line":32,"column":15},"end":{"line":32,"column":34}}]},"7":{"type":"branch","line":32,"loc":{"start":{"line":32,"column":28},"end":{"line":32,"column":66}},"locations":[{"start":{"line":32,"column":28},"end":{"line":32,"column":66}}]},"8":{"type":"branch","line":24,"loc":{"start":{"line":24,"column":21},"end":{"line":24,"column":49}},"locations":[{"start":{"line":24,"column":21},"end":{"line":24,"column":49}}]}},"b":{"0":[5],"1":[1],"2":[4],"3":[16],"4":[2],"5":[14],"6":[2],"7":[14],"8":[1]},"fnMap":{"0":{"name":"onClick","decl":{"start":{"line":24,"column":21},"end":{"line":24,"column":49}},"loc":{"start":{"line":24,"column":21},"end":{"line":24,"column":49}},"line":24}},"f":{"0":1}}
,"C:\\Users\\steni\\OneDrive\\Документы\\GitHub\\web-programming-course\\lessons\\lr7\\src\\components\\quiz\\QuizButton.tsx": {"path":"C:\\Users\\steni\\OneDrive\\Документы\\GitHub\\web-programming-course\\lessons\\lr7\\src\\components\\quiz\\QuizButton.tsx","all":false,"statementMap":{"0":{"start":{"line":1,"column":0},"end":{"line":1,"column":26}},"9":{"start":{"line":10,"column":0},"end":{"line":10,"column":28}},"10":{"start":{"line":11,"column":0},"end":{"line":11,"column":11}},"11":{"start":{"line":12,"column":0},"end":{"line":12,"column":10}},"12":{"start":{"line":13,"column":0},"end":{"line":13,"column":11}},"13":{"start":{"line":14,"column":0},"end":{"line":14,"column":21}},"14":{"start":{"line":15,"column":0},"end":{"line":15,"column":21}},"15":{"start":{"line":16,"column":0},"end":{"line":16,"column":70}},"16":{"start":{"line":17,"column":0},"end":{"line":17,"column":44}},"17":{"start":{"line":18,"column":0},"end":{"line":18,"column":48}},"18":{"start":{"line":19,"column":0},"end":{"line":19,"column":52}},"19":{"start":{"line":20,"column":0},"end":{"line":20,"column":72}},"21":{"start":{"line":22,"column":0},"end":{"line":22,"column":10}},"22":{"start":{"line":23,"column":0},"end":{"line":23,"column":11}},"23":{"start":{"line":24,"column":0},"end":{"line":24,"column":23}},"24":{"start":{"line":25,"column":0},"end":{"line":25,"column":25}},"25":{"start":{"line":26,"column":0},"end":{"line":26,"column":65}},"27":{"start":{"line":28,"column":0},"end":{"line":28,"column":16}},"28":{"start":{"line":29,"column":0},"end":{"line":29,"column":13}},"30":{"start":{"line":31,"column":0},"end":{"line":31,"column":1}}},"s":{"0":1,"9":1,"10":6,"11":6,"12":6,"13":6,"14":6,"15":6,"16":6,"17":5,"18":1,"19":6,"21":6,"22":6,"23":6,"24":6,"25":6,"27":6,"28":6,"30":6},"branchMap":{"0":{"type":"branch","line":10,"loc":{"start":{"line":10,"column":7},"end":{"line":31,"column":1}},"locations":[{"start":{"line":10,"column":7},"end":{"line":31,"column":1}}]},"1":{"type":"branch","line":17,"loc":{"start":{"line":17,"column":35},"end":{"line":18,"column":48}},"locations":[{"start":{"line":17,"column":35},"end":{"line":18,"column":48}}]},"2":{"type":"branch","line":18,"loc":{"start":{"line":18,"column":6},"end":{"line":19,"column":52}},"locations":[{"start":{"line":18,"column":6},"end":{"line":19,"column":52}}]},"3":{"type":"branch","line":20,"loc":{"start":{"line":20,"column":24},"end":{"line":20,"column":69}},"locations":[{"start":{"line":20,"column":24},"end":{"line":20,"column":69}}]},"4":{"type":"branch","line":20,"loc":{"start":{"line":20,"column":35},"end":{"line":20,"column":72}},"locations":[{"start":{"line":20,"column":35},"end":{"line":20,"column":72}}]}},"b":{"0":[6],"1":[5],"2":[1],"3":[2],"4":[4]},"fnMap":{"0":{"name":"QuizButton","decl":{"start":{"line":10,"column":7},"end":{"line":31,"column":1}},"loc":{"start":{"line":10,"column":7},"end":{"line":31,"column":1}},"line":10}},"f":{"0":6}}
,"C:\\Users\\steni\\OneDrive\\Документы\\GitHub\\web-programming-course\\lessons\\lr7\\src\\components\\quiz\\QuizProgress.tsx": {"path":"C:\\Users\\steni\\OneDrive\\Документы\\GitHub\\web-programming-course\\lessons\\lr7\\src\\components\\quiz\\QuizProgress.tsx","all":true,"statementMap":{"0":{"start":{"line":1,"column":0},"end":{"line":1,"column":17}},"1":{"start":{"line":2,"column":0},"end":{"line":2,"column":18}},"2":{"start":{"line":3,"column":0},"end":{"line":3,"column":16}},"3":{"start":{"line":4,"column":0},"end":{"line":4,"column":1}},"4":{"start":{"line":5,"column":0},"end":{"line":5,"column":0}},"5":{"start":{"line":6,"column":0},"end":{"line":6,"column":57}},"6":{"start":{"line":7,"column":0},"end":{"line":7,"column":51}},"7":{"start":{"line":8,"column":0},"end":{"line":8,"column":0}},"8":{"start":{"line":9,"column":0},"end":{"line":9,"column":10}},"9":{"start":{"line":10,"column":0},"end":{"line":10,"column":26}},"10":{"start":{"line":11,"column":0},"end":{"line":11,"column":71}},"11":{"start":{"line":12,"column":0},"end":{"line":12,"column":52}},"12":{"start":{"line":13,"column":0},"end":{"line":13,"column":46}},"13":{"start":{"line":14,"column":0},"end":{"line":14,"column":12}},"14":{"start":{"line":15,"column":0},"end":{"line":15,"column":59}},"15":{"start":{"line":16,"column":0},"end":{"line":16,"column":12}},"16":{"start":{"line":17,"column":0},"end":{"line":17,"column":78}},"17":{"start":{"line":18,"column":0},"end":{"line":18,"column":45}},"18":{"start":{"line":19,"column":0},"end":{"line":19,"column":10}},"19":{"start":{"line":20,"column":0},"end":{"line":20,"column":12}},"20":{"start":{"line":21,"column":0},"end":{"line":21,"column":10}},"21":{"start":{"line":22,"column":0},"end":{"line":22,"column":4}},"22":{"start":{"line":23,"column":0},"end":{"line":23,"column":1}}},"s":{"0":0,"1":0,"2":0,"3":0,"4":0,"5":0,"6":0,"7":0,"8":0,"9":0,"10":0,"11":0,"12":0,"13":0,"14":0,"15":0,"16":0,"17":0,"18":0,"19":0,"20":0,"21":0,"22":0},"branchMap":{"0":{"type":"branch","line":1,"loc":{"start":{"line":1,"column":0},"end":{"line":23,"column":1}},"locations":[{"start":{"line":1,"column":0},"end":{"line":23,"column":1}}]}},"b":{"0":[0]},"fnMap":{"0":{"name":"(empty-report)","decl":{"start":{"line":1,"column":0},"end":{"line":23,"column":1}},"loc":{"start":{"line":1,"column":0},"end":{"line":23,"column":1}},"line":1}},"f":{"0":0}}
,"C:\\Users\\steni\\OneDrive\\Документы\\GitHub\\web-programming-course\\lessons\\lr7\\src\\stores\\gameStore.ts": {"path":"C:\\Users\\steni\\OneDrive\\Документы\\GitHub\\web-programming-course\\lessons\\lr7\\src\\stores\\gameStore.ts","all":false,"statementMap":{"0":{"start":{"line":1,"column":0},"end":{"line":1,"column":42}},"13":{"start":{"line":14,"column":0},"end":{"line":14,"column":24}},"14":{"start":{"line":15,"column":0},"end":{"line":15,"column":55}},"16":{"start":{"line":17,"column":0},"end":{"line":17,"column":36}},"17":{"start":{"line":18,"column":0},"end":{"line":18,"column":27}},"18":{"start":{"line":19,"column":0},"end":{"line":19,"column":12}},"20":{"start":{"line":21,"column":0},"end":{"line":21,"column":33}},"21":{"start":{"line":22,"column":0},"end":{"line":22,"column":35}},"23":{"start":{"line":24,"column":0},"end":{"line":24,"column":17}},"24":{"start":{"line":25,"column":0},"end":{"line":25,"column":53}},"25":{"start":{"line":26,"column":0},"end":{"line":26,"column":3}},"27":{"start":{"line":28,"column":0},"end":{"line":28,"column":31}},"28":{"start":{"line":29,"column":0},"end":{"line":29,"column":46}},"30":{"start":{"line":31,"column":0},"end":{"line":31,"column":63}},"31":{"start":{"line":32,"column":0},"end":{"line":32,"column":55}},"32":{"start":{"line":33,"column":0},"end":{"line":33,"column":63}},"33":{"start":{"line":34,"column":0},"end":{"line":34,"column":3}},"35":{"start":{"line":36,"column":0},"end":{"line":36,"column":23}},"36":{"start":{"line":37,"column":0},"end":{"line":37,"column":35}},"37":{"start":{"line":38,"column":0},"end":{"line":38,"column":19}},"39":{"start":{"line":40,"column":0},"end":{"line":40,"column":33}},"40":{"start":{"line":41,"column":0},"end":{"line":41,"column":23}},"41":{"start":{"line":42,"column":0},"end":{"line":42,"column":49}},"42":{"start":{"line":43,"column":0},"end":{"line":43,"column":23}},"43":{"start":{"line":44,"column":0},"end":{"line":44,"column":15}},"44":{"start":{"line":45,"column":0},"end":{"line":45,"column":7}},"45":{"start":{"line":46,"column":0},"end":{"line":46,"column":3}},"47":{"start":{"line":48,"column":0},"end":{"line":48,"column":26}},"48":{"start":{"line":49,"column":0},"end":{"line":49,"column":30}},"49":{"start":{"line":50,"column":0},"end":{"line":50,"column":3}},"51":{"start":{"line":52,"column":0},"end":{"line":52,"column":53}},"52":{"start":{"line":53,"column":0},"end":{"line":53,"column":31}},"53":{"start":{"line":54,"column":0},"end":{"line":54,"column":34}},"54":{"start":{"line":55,"column":0},"end":{"line":55,"column":30}},"55":{"start":{"line":56,"column":0},"end":{"line":56,"column":32}},"56":{"start":{"line":57,"column":0},"end":{"line":57,"column":19}},"57":{"start":{"line":58,"column":0},"end":{"line":58,"column":3}},"59":{"start":{"line":60,"column":0},"end":{"line":60,"column":62}},"60":{"start":{"line":61,"column":0},"end":{"line":61,"column":75}},"61":{"start":{"line":62,"column":0},"end":{"line":62,"column":22}},"63":{"start":{"line":64,"column":0},"end":{"line":64,"column":31}},"64":{"start":{"line":65,"column":0},"end":{"line":65,"column":25}},"66":{"start":{"line":67,"column":0},"end":{"line":67,"column":25}},"67":{"start":{"line":68,"column":0},"end":{"line":68,"column":3}},"69":{"start":{"line":70,"column":0},"end":{"line":70,"column":15}},"70":{"start":{"line":71,"column":0},"end":{"line":71,"column":32}},"71":{"start":{"line":72,"column":0},"end":{"line":72,"column":3}},"73":{"start":{"line":74,"column":0},"end":{"line":74,"column":18}},"74":{"start":{"line":75,"column":0},"end":{"line":75,"column":64}},"75":{"start":{"line":76,"column":0},"end":{"line":76,"column":34}},"76":{"start":{"line":77,"column":0},"end":{"line":77,"column":32}},"77":{"start":{"line":78,"column":0},"end":{"line":78,"column":12}},"78":{"start":{"line":79,"column":0},"end":{"line":79,"column":24}},"79":{"start":{"line":80,"column":0},"end":{"line":80,"column":5}},"80":{"start":{"line":81,"column":0},"end":{"line":81,"column":3}},"82":{"start":{"line":83,"column":0},"end":{"line":83,"column":16}},"83":{"start":{"line":84,"column":0},"end":{"line":84,"column":33}},"84":{"start":{"line":85,"column":0},"end":{"line":85,"column":3}},"86":{"start":{"line":87,"column":0},"end":{"line":87,"column":15}},"87":{"start":{"line":88,"column":0},"end":{"line":88,"column":29}},"88":{"start":{"line":89,"column":0},"end":{"line":89,"column":34}},"89":{"start":{"line":90,"column":0},"end":{"line":90,"column":19}},"90":{"start":{"line":91,"column":0},"end":{"line":91,"column":30}},"91":{"start":{"line":92,"column":0},"end":{"line":92,"column":32}},"92":{"start":{"line":93,"column":0},"end":{"line":93,"column":24}},"93":{"start":{"line":94,"column":0},"end":{"line":94,"column":3}},"95":{"start":{"line":96,"column":0},"end":{"line":96,"column":42}},"96":{"start":{"line":97,"column":0},"end":{"line":97,"column":56}},"97":{"start":{"line":98,"column":0},"end":{"line":98,"column":24}},"99":{"start":{"line":100,"column":0},"end":{"line":100,"column":12}},"100":{"start":{"line":101,"column":0},"end":{"line":101,"column":15}},"101":{"start":{"line":102,"column":0},"end":{"line":102,"column":40}},"102":{"start":{"line":103,"column":0},"end":{"line":103,"column":61}},"103":{"start":{"line":104,"column":0},"end":{"line":104,"column":31}},"104":{"start":{"line":105,"column":0},"end":{"line":105,"column":24}},"105":{"start":{"line":106,"column":0},"end":{"line":106,"column":49}},"106":{"start":{"line":107,"column":0},"end":{"line":107,"column":6}},"107":{"start":{"line":108,"column":0},"end":{"line":108,"column":3}},"109":{"start":{"line":110,"column":0},"end":{"line":110,"column":26}},"110":{"start":{"line":111,"column":0},"end":{"line":111,"column":46}},"111":{"start":{"line":112,"column":0},"end":{"line":112,"column":22}},"112":{"start":{"line":113,"column":0},"end":{"line":113,"column":69}},"113":{"start":{"line":114,"column":0},"end":{"line":114,"column":6}},"114":{"start":{"line":115,"column":0},"end":{"line":115,"column":3}},"116":{"start":{"line":117,"column":0},"end":{"line":117,"column":33}},"117":{"start":{"line":118,"column":0},"end":{"line":118,"column":67}},"118":{"start":{"line":119,"column":0},"end":{"line":119,"column":3}},"120":{"start":{"line":121,"column":0},"end":{"line":121,"column":37}},"121":{"start":{"line":122,"column":0},"end":{"line":122,"column":66}},"122":{"start":{"line":123,"column":0},"end":{"line":123,"column":3}},"123":{"start":{"line":124,"column":0},"end":{"line":124,"column":1}},"125":{"start":{"line":126,"column":0},"end":{"line":126,"column":41}}},"s":{"0":1,"13":1,"14":1,"16":1,"17":1,"18":1,"20":1,"21":1,"23":1,"24":27,"25":27,"27":1,"28":13,"30":10,"31":1,"32":9,"33":13,"35":1,"36":4,"37":4,"39":3,"40":3,"41":3,"42":3,"43":3,"44":3,"45":4,"47":1,"48":1,"49":1,"51":1,"52":17,"53":17,"54":17,"55":17,"56":17,"57":17,"59":1,"60":2,"61":2,"63":1,"64":1,"66":1,"67":2,"69":1,"70":13,"71":13,"73":1,"74":4,"75":3,"76":3,"77":4,"78":1,"79":1,"80":4,"82":1,"83":2,"84":2,"86":1,"87":1,"88":1,"89":1,"90":1,"91":1,"92":1,"93":1,"95":1,"96":8,"97":8,"99":6,"100":6,"101":8,"102":8,"103":8,"104":8,"105":8,"106":8,"107":8,"109":1,"110":5,"111":4,"112":4,"113":4,"114":5,"116":1,"117":2,"118":2,"120":1,"121":1,"122":1,"123":1,"125":1},"branchMap":{"0":{"type":"branch","line":24,"loc":{"start":{"line":24,"column":2},"end":{"line":26,"column":3}},"locations":[{"start":{"line":24,"column":2},"end":{"line":26,"column":3}}]},"1":{"type":"branch","line":28,"loc":{"start":{"line":28,"column":2},"end":{"line":34,"column":3}},"locations":[{"start":{"line":28,"column":2},"end":{"line":34,"column":3}}]},"2":{"type":"branch","line":29,"loc":{"start":{"line":29,"column":39},"end":{"line":29,"column":46}},"locations":[{"start":{"line":29,"column":39},"end":{"line":29,"column":46}}]},"3":{"type":"branch","line":29,"loc":{"start":{"line":29,"column":39},"end":{"line":31,"column":63}},"locations":[{"start":{"line":29,"column":39},"end":{"line":31,"column":63}}]},"4":{"type":"branch","line":31,"loc":{"start":{"line":31,"column":62},"end":{"line":32,"column":55}},"locations":[{"start":{"line":31,"column":62},"end":{"line":32,"column":55}}]},"5":{"type":"branch","line":32,"loc":{"start":{"line":32,"column":54},"end":{"line":33,"column":63}},"locations":[{"start":{"line":32,"column":54},"end":{"line":33,"column":63}}]},"6":{"type":"branch","line":32,"loc":{"start":{"line":32,"column":36},"end":{"line":32,"column":54}},"locations":[{"start":{"line":32,"column":36},"end":{"line":32,"column":54}}]},"7":{"type":"branch","line":33,"loc":{"start":{"line":33,"column":46},"end":{"line":33,"column":61}},"locations":[{"start":{"line":33,"column":46},"end":{"line":33,"column":61}}]},"8":{"type":"branch","line":36,"loc":{"start":{"line":36,"column":2},"end":{"line":46,"column":3}},"locations":[{"start":{"line":36,"column":2},"end":{"line":46,"column":3}}]},"9":{"type":"branch","line":38,"loc":{"start":{"line":38,"column":12},"end":{"line":38,"column":19}},"locations":[{"start":{"line":38,"column":12},"end":{"line":38,"column":19}}]},"10":{"type":"branch","line":38,"loc":{"start":{"line":38,"column":12},"end":{"line":45,"column":7}},"locations":[{"start":{"line":38,"column":12},"end":{"line":45,"column":7}}]},"11":{"type":"branch","line":48,"loc":{"start":{"line":48,"column":2},"end":{"line":50,"column":3}},"locations":[{"start":{"line":48,"column":2},"end":{"line":50,"column":3}}]},"12":{"type":"branch","line":52,"loc":{"start":{"line":52,"column":2},"end":{"line":58,"column":3}},"locations":[{"start":{"line":52,"column":2},"end":{"line":58,"column":3}}]},"13":{"type":"branch","line":60,"loc":{"start":{"line":60,"column":2},"end":{"line":68,"column":3}},"locations":[{"start":{"line":60,"column":2},"end":{"line":68,"column":3}}]},"14":{"type":"branch","line":62,"loc":{"start":{"line":62,"column":15},"end":{"line":67,"column":25}},"locations":[{"start":{"line":62,"column":15},"end":{"line":67,"column":25}}]},"15":{"type":"branch","line":70,"loc":{"start":{"line":70,"column":2},"end":{"line":72,"column":3}},"locations":[{"start":{"line":70,"column":2},"end":{"line":72,"column":3}}]},"16":{"type":"branch","line":74,"loc":{"start":{"line":74,"column":2},"end":{"line":81,"column":3}},"locations":[{"start":{"line":74,"column":2},"end":{"line":81,"column":3}}]},"17":{"type":"branch","line":75,"loc":{"start":{"line":75,"column":63},"end":{"line":78,"column":11}},"locations":[{"start":{"line":75,"column":63},"end":{"line":78,"column":11}}]},"18":{"type":"branch","line":78,"loc":{"start":{"line":78,"column":4},"end":{"line":80,"column":5}},"locations":[{"start":{"line":78,"column":4},"end":{"line":80,"column":5}}]},"19":{"type":"branch","line":83,"loc":{"start":{"line":83,"column":2},"end":{"line":85,"column":3}},"locations":[{"start":{"line":83,"column":2},"end":{"line":85,"column":3}}]},"20":{"type":"branch","line":87,"loc":{"start":{"line":87,"column":2},"end":{"line":94,"column":3}},"locations":[{"start":{"line":87,"column":2},"end":{"line":94,"column":3}}]},"21":{"type":"branch","line":96,"loc":{"start":{"line":96,"column":2},"end":{"line":108,"column":3}},"locations":[{"start":{"line":96,"column":2},"end":{"line":108,"column":3}}]},"22":{"type":"branch","line":98,"loc":{"start":{"line":98,"column":12},"end":{"line":98,"column":24}},"locations":[{"start":{"line":98,"column":12},"end":{"line":98,"column":24}}]},"23":{"type":"branch","line":98,"loc":{"start":{"line":98,"column":19},"end":{"line":102,"column":31}},"locations":[{"start":{"line":98,"column":19},"end":{"line":102,"column":31}}]},"24":{"type":"branch","line":102,"loc":{"start":{"line":102,"column":23},"end":{"line":102,"column":40}},"locations":[{"start":{"line":102,"column":23},"end":{"line":102,"column":40}}]},"25":{"type":"branch","line":103,"loc":{"start":{"line":103,"column":27},"end":{"line":103,"column":58}},"locations":[{"start":{"line":103,"column":27},"end":{"line":103,"column":58}}]},"26":{"type":"branch","line":103,"loc":{"start":{"line":103,"column":50},"end":{"line":103,"column":61}},"locations":[{"start":{"line":103,"column":50},"end":{"line":103,"column":61}}]},"27":{"type":"branch","line":104,"loc":{"start":{"line":104,"column":17},"end":{"line":104,"column":31}},"locations":[{"start":{"line":104,"column":17},"end":{"line":104,"column":31}}]},"28":{"type":"branch","line":106,"loc":{"start":{"line":106,"column":29},"end":{"line":106,"column":49}},"locations":[{"start":{"line":106,"column":29},"end":{"line":106,"column":49}}]},"29":{"type":"branch","line":110,"loc":{"start":{"line":110,"column":2},"end":{"line":115,"column":3}},"locations":[{"start":{"line":110,"column":2},"end":{"line":115,"column":3}}]},"30":{"type":"branch","line":111,"loc":{"start":{"line":111,"column":37},"end":{"line":111,"column":46}},"locations":[{"start":{"line":111,"column":37},"end":{"line":111,"column":46}}]},"31":{"type":"branch","line":111,"loc":{"start":{"line":111,"column":44},"end":{"line":114,"column":6}},"locations":[{"start":{"line":111,"column":44},"end":{"line":114,"column":6}}]},"32":{"type":"branch","line":117,"loc":{"start":{"line":117,"column":2},"end":{"line":119,"column":3}},"locations":[{"start":{"line":117,"column":2},"end":{"line":119,"column":3}}]},"33":{"type":"branch","line":121,"loc":{"start":{"line":121,"column":2},"end":{"line":123,"column":3}},"locations":[{"start":{"line":121,"column":2},"end":{"line":123,"column":3}}]},"34":{"type":"branch","line":122,"loc":{"start":{"line":122,"column":41},"end":{"line":122,"column":57}},"locations":[{"start":{"line":122,"column":41},"end":{"line":122,"column":57}}]}},"b":{"0":[27],"1":[13],"2":[3],"3":[10],"4":[1],"5":[9],"6":[2],"7":[6],"8":[4],"9":[1],"10":[3],"11":[1],"12":[17],"13":[2],"14":[1],"15":[13],"16":[4],"17":[3],"18":[1],"19":[2],"20":[1],"21":[8],"22":[2],"23":[6],"24":[0],"25":[0],"26":[0],"27":[0],"28":[6],"29":[5],"30":[1],"31":[4],"32":[2],"33":[1],"34":[3]},"fnMap":{"0":{"name":"GameStore","decl":{"start":{"line":24,"column":2},"end":{"line":26,"column":3}},"loc":{"start":{"line":24,"column":2},"end":{"line":26,"column":3}},"line":24},"1":{"name":"toggleAnswer","decl":{"start":{"line":28,"column":2},"end":{"line":34,"column":3}},"loc":{"start":{"line":28,"column":2},"end":{"line":34,"column":3}},"line":28},"2":{"name":"saveCurrentAnswer","decl":{"start":{"line":36,"column":2},"end":{"line":46,"column":3}},"loc":{"start":{"line":36,"column":2},"end":{"line":46,"column":3}},"line":36},"3":{"name":"resetSelectedAnswers","decl":{"start":{"line":48,"column":2},"end":{"line":50,"column":3}},"loc":{"start":{"line":48,"column":2},"end":{"line":50,"column":3}},"line":48},"4":{"name":"setQuestionsFromAPI","decl":{"start":{"line":52,"column":2},"end":{"line":58,"column":3}},"loc":{"start":{"line":52,"column":2},"end":{"line":58,"column":3}},"line":52},"5":{"name":"updateAnswerResult","decl":{"start":{"line":60,"column":2},"end":{"line":68,"column":3}},"loc":{"start":{"line":60,"column":2},"end":{"line":68,"column":3}},"line":60},"6":{"name":"startGame","decl":{"start":{"line":70,"column":2},"end":{"line":72,"column":3}},"loc":{"start":{"line":70,"column":2},"end":{"line":72,"column":3}},"line":70},"7":{"name":"nextQuestion","decl":{"start":{"line":74,"column":2},"end":{"line":81,"column":3}},"loc":{"start":{"line":74,"column":2},"end":{"line":81,"column":3}},"line":74},"8":{"name":"finishGame","decl":{"start":{"line":83,"column":2},"end":{"line":85,"column":3}},"loc":{"start":{"line":83,"column":2},"end":{"line":85,"column":3}},"line":83},"9":{"name":"resetGame","decl":{"start":{"line":87,"column":2},"end":{"line":94,"column":3}},"loc":{"start":{"line":87,"column":2},"end":{"line":94,"column":3}},"line":87},"10":{"name":"get currentQuestion","decl":{"start":{"line":96,"column":2},"end":{"line":108,"column":3}},"loc":{"start":{"line":96,"column":2},"end":{"line":108,"column":3}},"line":96},"11":{"name":"get progress","decl":{"start":{"line":110,"column":2},"end":{"line":115,"column":3}},"loc":{"start":{"line":110,"column":2},"end":{"line":115,"column":3}},"line":110},"12":{"name":"get isLastQuestion","decl":{"start":{"line":117,"column":2},"end":{"line":119,"column":3}},"loc":{"start":{"line":117,"column":2},"end":{"line":119,"column":3}},"line":117},"13":{"name":"get correctAnswersCount","decl":{"start":{"line":121,"column":2},"end":{"line":123,"column":3}},"loc":{"start":{"line":121,"column":2},"end":{"line":123,"column":3}},"line":121}},"f":{"0":27,"1":13,"2":4,"3":1,"4":17,"5":2,"6":13,"7":4,"8":2,"9":1,"10":8,"11":5,"12":2,"13":1}}
,"C:\\Users\\steni\\OneDrive\\Документы\\GitHub\\web-programming-course\\lessons\\lr7\\src\\tasks\\Task4.tsx": {"path":"C:\\Users\\steni\\OneDrive\\Документы\\GitHub\\web-programming-course\\lessons\\lr7\\src\\tasks\\Task4.tsx","all":true,"statementMap":{"0":{"start":{"line":1,"column":0},"end":{"line":1,"column":43}},"1":{"start":{"line":2,"column":0},"end":{"line":2,"column":33}},"2":{"start":{"line":3,"column":0},"end":{"line":3,"column":44}},"3":{"start":{"line":4,"column":0},"end":{"line":4,"column":59}},"4":{"start":{"line":5,"column":0},"end":{"line":5,"column":63}},"5":{"start":{"line":6,"column":0},"end":{"line":6,"column":83}},"6":{"start":{"line":7,"column":0},"end":{"line":7,"column":65}},"7":{"start":{"line":8,"column":0},"end":{"line":8,"column":146}},"8":{"start":{"line":9,"column":0},"end":{"line":9,"column":0}},"9":{"start":{"line":10,"column":0},"end":{"line":10,"column":30}},"10":{"start":{"line":11,"column":0},"end":{"line":11,"column":66}},"11":{"start":{"line":12,"column":0},"end":{"line":12,"column":52}},"12":{"start":{"line":13,"column":0},"end":{"line":13,"column":0}},"13":{"start":{"line":14,"column":0},"end":{"line":14,"column":45}},"14":{"start":{"line":15,"column":0},"end":{"line":15,"column":60}},"15":{"start":{"line":16,"column":0},"end":{"line":16,"column":60}},"16":{"start":{"line":17,"column":0},"end":{"line":17,"column":0}},"17":{"start":{"line":18,"column":0},"end":{"line":18,"column":33}},"18":{"start":{"line":19,"column":0},"end":{"line":19,"column":38}},"19":{"start":{"line":20,"column":0},"end":{"line":20,"column":4}},"20":{"start":{"line":21,"column":0},"end":{"line":21,"column":0}},"21":{"start":{"line":22,"column":0},"end":{"line":22,"column":36}},"22":{"start":{"line":23,"column":0},"end":{"line":23,"column":38}},"23":{"start":{"line":24,"column":0},"end":{"line":24,"column":4}},"24":{"start":{"line":25,"column":0},"end":{"line":25,"column":0}},"25":{"start":{"line":26,"column":0},"end":{"line":26,"column":64}},"26":{"start":{"line":27,"column":0},"end":{"line":27,"column":42}},"27":{"start":{"line":28,"column":0},"end":{"line":28,"column":78}},"28":{"start":{"line":29,"column":0},"end":{"line":29,"column":0}},"29":{"start":{"line":30,"column":0},"end":{"line":30,"column":29}},"30":{"start":{"line":31,"column":0},"end":{"line":31,"column":12}},"31":{"start":{"line":32,"column":0},"end":{"line":32,"column":69}},"32":{"start":{"line":33,"column":0},"end":{"line":33,"column":46}},"33":{"start":{"line":34,"column":0},"end":{"line":34,"column":21}},"34":{"start":{"line":35,"column":0},"end":{"line":35,"column":21}},"35":{"start":{"line":36,"column":0},"end":{"line":36,"column":12}},"36":{"start":{"line":37,"column":0},"end":{"line":37,"column":6}},"37":{"start":{"line":38,"column":0},"end":{"line":38,"column":3}},"38":{"start":{"line":39,"column":0},"end":{"line":39,"column":0}},"39":{"start":{"line":40,"column":0},"end":{"line":40,"column":36}},"40":{"start":{"line":41,"column":0},"end":{"line":41,"column":0}},"41":{"start":{"line":42,"column":0},"end":{"line":42,"column":10}},"42":{"start":{"line":43,"column":0},"end":{"line":43,"column":43}},"43":{"start":{"line":44,"column":0},"end":{"line":44,"column":19}},"44":{"start":{"line":45,"column":0},"end":{"line":45,"column":48}},"45":{"start":{"line":46,"column":0},"end":{"line":46,"column":42}},"46":{"start":{"line":47,"column":0},"end":{"line":47,"column":8}},"47":{"start":{"line":48,"column":0},"end":{"line":48,"column":0}},"48":{"start":{"line":49,"column":0},"end":{"line":49,"column":57}},"49":{"start":{"line":50,"column":0},"end":{"line":50,"column":79}},"50":{"start":{"line":51,"column":0},"end":{"line":51,"column":0}},"51":{"start":{"line":52,"column":0},"end":{"line":52,"column":49}},"52":{"start":{"line":53,"column":0},"end":{"line":53,"column":58}},"53":{"start":{"line":54,"column":0},"end":{"line":54,"column":39}},"54":{"start":{"line":55,"column":0},"end":{"line":55,"column":17}},"55":{"start":{"line":56,"column":0},"end":{"line":56,"column":60}},"56":{"start":{"line":57,"column":0},"end":{"line":57,"column":51}},"57":{"start":{"line":58,"column":0},"end":{"line":58,"column":17}},"58":{"start":{"line":59,"column":0},"end":{"line":59,"column":59}},"59":{"start":{"line":60,"column":0},"end":{"line":60,"column":47}},"60":{"start":{"line":61,"column":0},"end":{"line":61,"column":17}},"61":{"start":{"line":62,"column":0},"end":{"line":62,"column":14}},"62":{"start":{"line":63,"column":0},"end":{"line":63,"column":0}},"63":{"start":{"line":64,"column":0},"end":{"line":64,"column":56}},"64":{"start":{"line":65,"column":0},"end":{"line":65,"column":33}},"65":{"start":{"line":66,"column":0},"end":{"line":66,"column":38}},"66":{"start":{"line":67,"column":0},"end":{"line":67,"column":55}},"67":{"start":{"line":68,"column":0},"end":{"line":68,"column":69}},"68":{"start":{"line":69,"column":0},"end":{"line":69,"column":12}},"69":{"start":{"line":70,"column":0},"end":{"line":70,"column":10}},"70":{"start":{"line":71,"column":0},"end":{"line":71,"column":0}},"71":{"start":{"line":72,"column":0},"end":{"line":72,"column":46}},"72":{"start":{"line":73,"column":0},"end":{"line":73,"column":24}},"73":{"start":{"line":74,"column":0},"end":{"line":74,"column":38}},"74":{"start":{"line":75,"column":0},"end":{"line":75,"column":45}},"75":{"start":{"line":76,"column":0},"end":{"line":76,"column":66}},"76":{"start":{"line":77,"column":0},"end":{"line":77,"column":12}},"77":{"start":{"line":78,"column":0},"end":{"line":78,"column":10}},"78":{"start":{"line":79,"column":0},"end":{"line":79,"column":0}},"79":{"start":{"line":80,"column":0},"end":{"line":80,"column":24}},"80":{"start":{"line":81,"column":0},"end":{"line":81,"column":32}},"81":{"start":{"line":82,"column":0},"end":{"line":82,"column":23}},"82":{"start":{"line":83,"column":0},"end":{"line":83,"column":88}},"83":{"start":{"line":84,"column":0},"end":{"line":84,"column":74}},"84":{"start":{"line":85,"column":0},"end":{"line":85,"column":13}},"85":{"start":{"line":86,"column":0},"end":{"line":86,"column":75}},"86":{"start":{"line":87,"column":0},"end":{"line":87,"column":25}},"87":{"start":{"line":88,"column":0},"end":{"line":88,"column":16}},"88":{"start":{"line":89,"column":0},"end":{"line":89,"column":10}},"89":{"start":{"line":90,"column":0},"end":{"line":90,"column":12}},"90":{"start":{"line":91,"column":0},"end":{"line":91,"column":10}},"91":{"start":{"line":92,"column":0},"end":{"line":92,"column":4}},"92":{"start":{"line":93,"column":0},"end":{"line":93,"column":3}},"93":{"start":{"line":94,"column":0},"end":{"line":94,"column":0}},"94":{"start":{"line":95,"column":0},"end":{"line":95,"column":21}}},"s":{"0":0,"1":0,"2":0,"3":0,"4":0,"5":0,"6":0,"7":0,"8":0,"9":0,"10":0,"11":0,"12":0,"13":0,"14":0,"15":0,"16":0,"17":0,"18":0,"19":0,"20":0,"21":0,"22":0,"23":0,"24":0,"25":0,"26":0,"27":0,"28":0,"29":0,"30":0,"31":0,"32":0,"33":0,"34":0,"35":0,"36":0,"37":0,"38":0,"39":0,"40":0,"41":0,"42":0,"43":0,"44":0,"45":0,"46":0,"47":0,"48":0,"49":0,"50":0,"51":0,"52":0,"53":0,"54":0,"55":0,"56":0,"57":0,"58":0,"59":0,"60":0,"61":0,"62":0,"63":0,"64":0,"65":0,"66":0,"67":0,"68":0,"69":0,"70":0,"71":0,"72":0,"73":0,"74":0,"75":0,"76":0,"77":0,"78":0,"79":0,"80":0,"81":0,"82":0,"83":0,"84":0,"85":0,"86":0,"87":0,"88":0,"89":0,"90":0,"91":0,"92":0,"93":0,"94":0},"branchMap":{"0":{"type":"branch","line":1,"loc":{"start":{"line":1,"column":0},"end":{"line":95,"column":21}},"locations":[{"start":{"line":1,"column":0},"end":{"line":95,"column":21}}]}},"b":{"0":[0]},"fnMap":{"0":{"name":"(empty-report)","decl":{"start":{"line":1,"column":0},"end":{"line":95,"column":21}},"loc":{"start":{"line":1,"column":0},"end":{"line":95,"column":21}},"line":1}},"f":{"0":0}}
,"C:\\Users\\steni\\OneDrive\\Документы\\GitHub\\web-programming-course\\lessons\\lr7\\src\\types\\quiz.ts": {"path":"C:\\Users\\steni\\OneDrive\\Документы\\GitHub\\web-programming-course\\lessons\\lr7\\src\\types\\quiz.ts","all":true,"statementMap":{"0":{"start":{"line":1,"column":0},"end":{"line":1,"column":27}},"1":{"start":{"line":2,"column":0},"end":{"line":2,"column":13}},"2":{"start":{"line":3,"column":0},"end":{"line":3,"column":47}},"3":{"start":{"line":4,"column":0},"end":{"line":4,"column":19}},"4":{"start":{"line":5,"column":0},"end":{"line":5,"column":21}},"5":{"start":{"line":6,"column":0},"end":{"line":6,"column":41}},"6":{"start":{"line":7,"column":0},"end":{"line":7,"column":21}},"7":{"start":{"line":8,"column":0},"end":{"line":8,"column":21}},"8":{"start":{"line":9,"column":0},"end":{"line":9,"column":21}},"9":{"start":{"line":10,"column":0},"end":{"line":10,"column":25}},"10":{"start":{"line":11,"column":0},"end":{"line":11,"column":1}},"11":{"start":{"line":12,"column":0},"end":{"line":12,"column":0}},"12":{"start":{"line":13,"column":0},"end":{"line":13,"column":25}},"13":{"start":{"line":14,"column":0},"end":{"line":14,"column":21}},"14":{"start":{"line":15,"column":0},"end":{"line":15,"column":21}},"15":{"start":{"line":16,"column":0},"end":{"line":16,"column":24}},"16":{"start":{"line":17,"column":0},"end":{"line":17,"column":29}},"17":{"start":{"line":18,"column":0},"end":{"line":18,"column":18}},"18":{"start":{"line":19,"column":0},"end":{"line":19,"column":1}}},"s":{"0":0,"1":0,"2":0,"3":0,"4":0,"5":0,"6":0,"7":0,"8":0,"9":0,"10":0,"11":0,"12":0,"13":0,"14":0,"15":0,"16":0,"17":0,"18":0},"branchMap":{"0":{"type":"branch","line":1,"loc":{"start":{"line":1,"column":0},"end":{"line":19,"column":1}},"locations":[{"start":{"line":1,"column":0},"end":{"line":19,"column":1}}]}},"b":{"0":[0]},"fnMap":{"0":{"name":"(empty-report)","decl":{"start":{"line":1,"column":0},"end":{"line":19,"column":1}},"loc":{"start":{"line":1,"column":0},"end":{"line":19,"column":1}},"line":1}},"f":{"0":0}}
,"C:\\Users\\steni\\OneDrive\\Документы\\GitHub\\web-programming-course\\lessons\\lr7\\src\\utils\\score.ts": {"path":"C:\\Users\\steni\\OneDrive\\Документы\\GitHub\\web-programming-course\\lessons\\lr7\\src\\utils\\score.ts","all":false,"statementMap":{"2":{"start":{"line":3,"column":0},"end":{"line":3,"column":64}},"3":{"start":{"line":4,"column":0},"end":{"line":4,"column":68}},"4":{"start":{"line":5,"column":0},"end":{"line":5,"column":1}},"6":{"start":{"line":7,"column":0},"end":{"line":7,"column":67}},"7":{"start":{"line":8,"column":0},"end":{"line":8,"column":49}},"8":{"start":{"line":9,"column":0},"end":{"line":9,"column":1}},"10":{"start":{"line":11,"column":0},"end":{"line":11,"column":62}},"11":{"start":{"line":12,"column":0},"end":{"line":12,"column":37}},"12":{"start":{"line":13,"column":0},"end":{"line":13,"column":50}},"13":{"start":{"line":14,"column":0},"end":{"line":14,"column":54}},"14":{"start":{"line":15,"column":0},"end":{"line":15,"column":1}}},"s":{"2":1,"3":4,"4":4,"6":1,"7":5,"8":5,"10":1,"11":3,"12":2,"13":2,"14":2},"branchMap":{"0":{"type":"branch","line":3,"loc":{"start":{"line":3,"column":7},"end":{"line":5,"column":1}},"locations":[{"start":{"line":3,"column":7},"end":{"line":5,"column":1}}]},"1":{"type":"branch","line":4,"loc":{"start":{"line":4,"column":24},"end":{"line":4,"column":65}},"locations":[{"start":{"line":4,"column":24},"end":{"line":4,"column":65}}]},"2":{"type":"branch","line":4,"loc":{"start":{"line":4,"column":45},"end":{"line":4,"column":65}},"locations":[{"start":{"line":4,"column":45},"end":{"line":4,"column":65}}]},"3":{"type":"branch","line":7,"loc":{"start":{"line":7,"column":7},"end":{"line":9,"column":1}},"locations":[{"start":{"line":7,"column":7},"end":{"line":9,"column":1}}]},"4":{"type":"branch","line":8,"loc":{"start":{"line":8,"column":24},"end":{"line":8,"column":40}},"locations":[{"start":{"line":8,"column":24},"end":{"line":8,"column":40}}]},"5":{"type":"branch","line":11,"loc":{"start":{"line":11,"column":7},"end":{"line":15,"column":1}},"locations":[{"start":{"line":11,"column":7},"end":{"line":15,"column":1}}]},"6":{"type":"branch","line":12,"loc":{"start":{"line":12,"column":28},"end":{"line":12,"column":37}},"locations":[{"start":{"line":12,"column":28},"end":{"line":12,"column":37}}]},"7":{"type":"branch","line":12,"loc":{"start":{"line":12,"column":35},"end":{"line":15,"column":1}},"locations":[{"start":{"line":12,"column":35},"end":{"line":15,"column":1}}]}},"b":{"0":[4],"1":[5],"2":[1],"3":[5],"4":[11],"5":[3],"6":[1],"7":[2]},"fnMap":{"0":{"name":"calculateTotalScore","decl":{"start":{"line":3,"column":7},"end":{"line":5,"column":1}},"loc":{"start":{"line":3,"column":7},"end":{"line":5,"column":1}},"line":3},"1":{"name":"getCorrectAnswersCount","decl":{"start":{"line":7,"column":7},"end":{"line":9,"column":1}},"loc":{"start":{"line":7,"column":7},"end":{"line":9,"column":1}},"line":7},"2":{"name":"calculateAccuracy","decl":{"start":{"line":11,"column":7},"end":{"line":15,"column":1}},"loc":{"start":{"line":11,"column":7},"end":{"line":15,"column":1}},"line":11}},"f":{"0":4,"1":5,"2":3}}
}
